This is XeTeX, Version 3.141592653-2.6-0.999994 (MiKTeX 22.3) (preloaded format=xelatex 2022.6.12)  12 JUN 2022 16:31
entering extended mode
 restricted \write18 enabled.
 %&-line parsing enabled.
**./quantumalgorighms.tex
(quantumalgorighms.tex
LaTeX2e <2021-11-15> patch level 1
L3 programming layer <2022-02-24> (D:\miktex\tex/latex/base\book.cls
Document Class: book 2021/10/04 v1.4n Standard LaTeX document class
(D:\miktex\tex/latex/base\bk10.clo
File: bk10.clo 2021/10/04 v1.4n Standard LaTeX file (size option)
)
\c@part=\count181
\c@chapter=\count182
\c@section=\count183
\c@subsection=\count184
\c@subsubsection=\count185
\c@paragraph=\count186
\c@subparagraph=\count187
\c@figure=\count188
\c@table=\count189
\abovecaptionskip=\skip47
\belowcaptionskip=\skip48
\bibindent=\dimen138
) (D:\miktex\tex/latex/amsmath\amsmath.sty
Package: amsmath 2021/10/15 v2.17l AMS math features
\@mathmargin=\skip49
For additional information on amsmath, use the `?' option.
(D:\miktex\tex/latex/amsmath\amstext.sty
Package: amstext 2021/08/26 v2.01 AMS text
(D:\miktex\tex/latex/amsmath\amsgen.sty
File: amsgen.sty 1999/11/30 v2.0 generic functions
\@emptytoks=\toks16
\ex@=\dimen139
)) (D:\miktex\tex/latex/amsmath\amsbsy.sty
Package: amsbsy 1999/11/29 v1.2d Bold Symbols
\pmbraise@=\dimen140
) (D:\miktex\tex/latex/amsmath\amsopn.sty
Package: amsopn 2021/08/26 v2.02 operator names
)
\inf@bad=\count190
LaTeX Info: Redefining \frac on input line 234.
\uproot@=\count191
\leftroot@=\count192
LaTeX Info: Redefining \overline on input line 399.
\classnum@=\count193
\DOTSCASE@=\count194
LaTeX Info: Redefining \ldots on input line 496.
LaTeX Info: Redefining \dots on input line 499.
LaTeX Info: Redefining \cdots on input line 620.
\Mathstrutbox@=\box50
\strutbox@=\box51
\big@size=\dimen141
LaTeX Font Info:    Redeclaring font encoding OML on input line 743.
LaTeX Font Info:    Redeclaring font encoding OMS on input line 744.
\macc@depth=\count195
\c@MaxMatrixCols=\count196
\dotsspace@=\muskip16
\c@parentequation=\count197
\dspbrk@lvl=\count198
\tag@help=\toks17
\row@=\count199
\column@=\count266
\maxfields@=\count267
\andhelp@=\toks18
\eqnshift@=\dimen142
\alignsep@=\dimen143
\tagshift@=\dimen144
\tagwidth@=\dimen145
\totwidth@=\dimen146
\lineht@=\dimen147
\@envbody=\toks19
\multlinegap=\skip50
\multlinetaggap=\skip51
\mathdisplay@stack=\toks20
LaTeX Info: Redefining \[ on input line 2938.
LaTeX Info: Redefining \] on input line 2939.
) (D:\miktex\tex/latex/amsfonts\amssymb.sty
Package: amssymb 2013/01/14 v3.01 AMS font symbols
(D:\miktex\tex/latex/amsfonts\amsfonts.sty
Package: amsfonts 2013/01/14 v3.01 Basic AMSFonts support
\symAMSa=\mathgroup4
\symAMSb=\mathgroup5
LaTeX Font Info:    Redeclaring math symbol \hbar on input line 98.
LaTeX Font Info:    Overwriting math alphabet `\mathfrak' in version `bold'
(Font)                  U/euf/m/n --> U/euf/b/n on input line 106.
)) (D:\miktex\tex/latex/lm\lmodern.sty
Package: lmodern 2009/10/30 v1.6 Latin Modern Fonts
LaTeX Font Info:    Overwriting symbol font `operators' in version `normal'
(Font)                  OT1/cmr/m/n --> OT1/lmr/m/n on input line 22.
LaTeX Font Info:    Overwriting symbol font `letters' in version `normal'
(Font)                  OML/cmm/m/it --> OML/lmm/m/it on input line 23.
LaTeX Font Info:    Overwriting symbol font `symbols' in version `normal'
(Font)                  OMS/cmsy/m/n --> OMS/lmsy/m/n on input line 24.
LaTeX Font Info:    Overwriting symbol font `largesymbols' in version `normal'
(Font)                  OMX/cmex/m/n --> OMX/lmex/m/n on input line 25.
LaTeX Font Info:    Overwriting symbol font `operators' in version `bold'
(Font)                  OT1/cmr/bx/n --> OT1/lmr/bx/n on input line 26.
LaTeX Font Info:    Overwriting symbol font `letters' in version `bold'
(Font)                  OML/cmm/b/it --> OML/lmm/b/it on input line 27.
LaTeX Font Info:    Overwriting symbol font `symbols' in version `bold'
(Font)                  OMS/cmsy/b/n --> OMS/lmsy/b/n on input line 28.
LaTeX Font Info:    Overwriting symbol font `largesymbols' in version `bold'
(Font)                  OMX/cmex/m/n --> OMX/lmex/m/n on input line 29.
LaTeX Font Info:    Overwriting math alphabet `\mathbf' in version `normal'
(Font)                  OT1/cmr/bx/n --> OT1/lmr/bx/n on input line 31.
LaTeX Font Info:    Overwriting math alphabet `\mathsf' in version `normal'
(Font)                  OT1/cmss/m/n --> OT1/lmss/m/n on input line 32.
LaTeX Font Info:    Overwriting math alphabet `\mathit' in version `normal'
(Font)                  OT1/cmr/m/it --> OT1/lmr/m/it on input line 33.
LaTeX Font Info:    Overwriting math alphabet `\mathtt' in version `normal'
(Font)                  OT1/cmtt/m/n --> OT1/lmtt/m/n on input line 34.
LaTeX Font Info:    Overwriting math alphabet `\mathbf' in version `bold'
(Font)                  OT1/cmr/bx/n --> OT1/lmr/bx/n on input line 35.
LaTeX Font Info:    Overwriting math alphabet `\mathsf' in version `bold'
(Font)                  OT1/cmss/bx/n --> OT1/lmss/bx/n on input line 36.
LaTeX Font Info:    Overwriting math alphabet `\mathit' in version `bold'
(Font)                  OT1/cmr/bx/it --> OT1/lmr/bx/it on input line 37.
LaTeX Font Info:    Overwriting math alphabet `\mathtt' in version `bold'
(Font)                  OT1/cmtt/m/n --> OT1/lmtt/m/n on input line 38.
) (D:\miktex\tex/generic/iftex\iftex.sty
Package: iftex 2022/02/03 v1.0f TeX engine tests
) (D:\miktex\tex/latex/unicode-math\unicode-math.sty (D:\miktex\tex/latex/l3ker
nel\expl3.sty
Package: expl3 2022-02-24 L3 programming layer (loader) 
(D:\miktex\tex/latex/l3backend\l3backend-xetex.def
File: l3backend-xetex.def 2022-02-07 L3 backend support: XeTeX
()
\c__kernel_sys_dvipdfmx_version_int=\count268
\l__color_backend_stack_int=\count269
\g__color_backend_stack_int=\count270
\g__graphics_track_int=\count271
\l__pdf_internal_box=\box52
\g__pdf_backend_object_int=\count272
\g__pdf_backend_annotation_int=\count273
\g__pdf_backend_link_int=\count274
))
Package: unicode-math 2020/01/31 v0.8q Unicode maths in XeLaTeX and LuaLaTeX
(D:\miktex\tex/latex/unicode-math\unicode-math-xetex.sty
Package: unicode-math-xetex 2020/01/31 v0.8q Unicode maths in XeLaTeX and LuaLa
TeX
(D:\miktex\tex/latex/l3packages/xparse\xparse.sty
Package: xparse 2022-01-12 L3 Experimental document command parser
) (D:\miktex\tex/latex/l3packages/l3keys2e\l3keys2e.sty
Package: l3keys2e 2022-01-12 LaTeX2e option processing using LaTeX3 keys
) (D:\miktex\tex/latex/fontspec\fontspec.sty
Package: fontspec 2022/01/15 v2.8a Font selection for XeLaTeX and LuaLaTeX
(D:\miktex\tex/latex/fontspec\fontspec-xetex.sty
Package: fontspec-xetex 2022/01/15 v2.8a Font selection for XeLaTeX and LuaLaTe
X
\l__fontspec_script_int=\count275
\l__fontspec_language_int=\count276
\l__fontspec_strnum_int=\count277
\l__fontspec_tmp_int=\count278
\l__fontspec_tmpa_int=\count279
\l__fontspec_tmpb_int=\count280
\l__fontspec_tmpc_int=\count281
\l__fontspec_em_int=\count282
\l__fontspec_emdef_int=\count283
\l__fontspec_strong_int=\count284
\l__fontspec_strongdef_int=\count285
\l__fontspec_tmpa_dim=\dimen148
\l__fontspec_tmpb_dim=\dimen149
\l__fontspec_tmpc_dim=\dimen150
(D:\miktex\tex/latex/base\fontenc.sty
Package: fontenc 2021/04/29 v2.0v Standard LaTeX package
) (D:\miktex\tex/latex/fontspec\fontspec.cfg))) (D:\miktex\tex/latex/base\fix-c
m.sty
Package: fix-cm 2020/11/24 v1.1t fixes to LaTeX
(D:\miktex\tex/latex/base\ts1enc.def
File: ts1enc.def 2001/06/05 v3.0e (jk/car/fm) Standard LaTeX file
LaTeX Font Info:    Redeclaring font encoding TS1 on input line 47.
))
\g__um_fam_int=\count286
\g__um_fonts_used_int=\count287
\l__um_primecount_int=\count288
\g__um_primekern_muskip=\muskip17
(D:\miktex\tex/latex/unicode-math\unicode-math-table.tex))) (D:\miktex\tex/late
x/upquote\upquote.sty
Package: upquote 2012/04/19 v1.3 upright-quote and grave-accent glyphs in verba
tim
(D:\miktex\tex/latex/base\textcomp.sty
Package: textcomp 2020/02/02 v2.0n Standard LaTeX package
)) (D:\miktex\tex/latex/microtype\microtype.sty
Package: microtype 2022/03/14 v3.0d Micro-typographical refinements (RS)
(D:\miktex\tex/latex/graphics\keyval.sty
Package: keyval 2014/10/28 v1.15 key=value parser (DPC)
\KV@toks@=\toks21
) (D:\miktex\tex/latex/etoolbox\etoolbox.sty
Package: etoolbox 2020/10/05 v2.5k e-TeX tools for LaTeX (JAW)
\etb@tempcnta=\count289
)
\MT@toks=\toks22
\MT@tempbox=\box53
\MT@count=\count290
LaTeX Info: Redefining \noprotrusionifhmode on input line 1027.
LaTeX Info: Redefining \leftprotrusion on input line 1028.
LaTeX Info: Redefining \rightprotrusion on input line 1036.
LaTeX Info: Redefining \textls on input line 1195.
\MT@outer@kern=\dimen151
LaTeX Info: Redefining \textmicrotypecontext on input line 1781.
\MT@listname@count=\count291
(D:\miktex\tex/latex/microtype\microtype-xetex.def
File: microtype-xetex.def 2022/03/14 v3.0d Definitions specific to xetex (RS)
LaTeX Info: Redefining \lsstyle on input line 236.
)
Package microtype Info: Loading configuration file microtype.cfg.
(D:\miktex\tex/latex/microtype\microtype.cfg
File: microtype.cfg 2022/03/14 v3.0d microtype main configuration file (RS)
)) (D:\miktex\tex/latex/parskip\parskip.sty
Package: parskip 2021-03-14 v2.0h non-zero parskip adjustments
(D:\miktex\tex/latex/kvoptions\kvoptions.sty
Package: kvoptions 2020-10-07 v3.14 Key value format for package options (HO)
(D:\miktex\tex/generic/ltxcmds\ltxcmds.sty
Package: ltxcmds 2020-05-10 v1.25 LaTeX kernel commands for general use (HO)
) (D:\miktex\tex/generic/kvsetkeys\kvsetkeys.sty
Package: kvsetkeys 2019/12/15 v1.18 Key value parser (HO)
))) (D:\miktex\tex/latex/xcolor\xcolor.sty
Package: xcolor 2021/10/31 v2.13 LaTeX color extensions (UK)
(D:\miktex\tex/latex/graphics-cfg\color.cfg
File: color.cfg 2016/01/02 v1.6 sample color configuration
)
Package xcolor Info: Driver file: xetex.def on input line 227.
(D:\miktex\tex/latex/graphics-def\xetex.def
File: xetex.def 2021/03/18 v5.0k Graphics/color driver for xetex
)
Package xcolor Info: Model `cmy' substituted by `cmy0' on input line 1352.
Package xcolor Info: Model `RGB' extended on input line 1368.
Package xcolor Info: Model `HTML' substituted by `rgb' on input line 1370.
Package xcolor Info: Model `Hsb' substituted by `hsb' on input line 1371.
Package xcolor Info: Model `tHsb' substituted by `hsb' on input line 1372.
Package xcolor Info: Model `HSB' substituted by `hsb' on input line 1373.
Package xcolor Info: Model `Gray' substituted by `gray' on input line 1374.
Package xcolor Info: Model `wave' substituted by `hsb' on input line 1375.
) (D:\miktex\tex/latex/fancyvrb\fancyvrb.sty
Package: fancyvrb 2022/04/12 4.2 verbatim text (tvz,hv)
\FV@CodeLineNo=\count292
\FV@InFile=\read2
\FV@TabBox=\box54
\c@FancyVerbLine=\count293
\FV@StepNumber=\count294
\FV@OutFile=\write3
) (D:\miktex\tex/latex/framed\framed.sty
Package: framed 2011/10/22 v 0.96: framed or shaded text with page breaks
\OuterFrameSep=\skip52
\fb@frw=\dimen152
\fb@frh=\dimen153
\FrameRule=\dimen154
\FrameSep=\dimen155
) (D:\miktex\tex/latex/tools\longtable.sty
Package: longtable 2021-09-01 v4.17 Multi-page Table package (DPC)
\LTleft=\skip53
\LTright=\skip54
\LTpre=\skip55
\LTpost=\skip56
\LTchunksize=\count295
\LTcapwidth=\dimen156
\LT@head=\box55
\LT@firsthead=\box56
\LT@foot=\box57
\LT@lastfoot=\box58
\LT@gbox=\box59
\LT@cols=\count296
\LT@rows=\count297
\c@LT@tables=\count298
\c@LT@chunks=\count299
\LT@p@ftn=\toks23
) (D:\miktex\tex/latex/booktabs\booktabs.sty
Package: booktabs 2020/01/12 v1.61803398 Publication quality tables
\heavyrulewidth=\dimen157
\lightrulewidth=\dimen158
\cmidrulewidth=\dimen159
\belowrulesep=\dimen160
\belowbottomsep=\dimen161
\aboverulesep=\dimen162
\abovetopsep=\dimen163
\cmidrulesep=\dimen164
\cmidrulekern=\dimen165
\defaultaddspace=\dimen166
\@cmidla=\count300
\@cmidlb=\count301
\@aboverulesep=\dimen167
\@belowrulesep=\dimen168
\@thisruleclass=\count302
\@lastruleclass=\count303
\@thisrulewidth=\dimen169
) (D:\miktex\tex/latex/tools\array.sty
Package: array 2021/10/04 v2.5f Tabular extension package (FMi)
\col@sep=\dimen170
\ar@mcellbox=\box60
\extrarowheight=\dimen171
\NC@list=\toks24
\extratabsurround=\skip57
\backup@length=\skip58
\ar@cellbox=\box61
) (D:\miktex\tex/latex/tools\calc.sty
Package: calc 2017/05/25 v4.3 Infix arithmetic (KKT,FJ)
\calc@Acount=\count304
\calc@Bcount=\count305
\calc@Adimen=\dimen172
\calc@Bdimen=\dimen173
\calc@Askip=\skip59
\calc@Bskip=\skip60
LaTeX Info: Redefining \setlength on input line 80.
LaTeX Info: Redefining \addtolength on input line 81.
\calc@Ccount=\count306
\calc@Cskip=\skip61
) (D:\miktex\tex/latex/footnotehyper\footnotehyper.sty
Package: footnotehyper 2021/08/13 v1.1e hyperref aware footnote.sty (JFB)
\FNH@notes=\box62
\FNH@width=\dimen174
\FNH@toks=\toks25
) (D:\miktex\tex/latex/graphics\graphicx.sty
Package: graphicx 2021/09/16 v1.2d Enhanced LaTeX Graphics (DPC,SPQR)
(D:\miktex\tex/latex/graphics\graphics.sty
Package: graphics 2021/03/04 v1.4d Standard LaTeX Graphics (DPC,SPQR)
(D:\miktex\tex/latex/graphics\trig.sty
Package: trig 2021/08/11 v1.11 sin cos tan (DPC)
) (D:\miktex\tex/latex/graphics-cfg\graphics.cfg
File: graphics.cfg 2016/06/04 v1.11 sample graphics configuration
)
Package graphics Info: Driver file: xetex.def on input line 107.
)
\Gin@req@height=\dimen175
\Gin@req@width=\dimen176
) (D:\miktex\tex/latex/amscls\amsthm.sty
Package: amsthm 2020/05/29 v2.20.6
\thm@style=\toks26
\thm@bodyfont=\toks27
\thm@headfont=\toks28
\thm@notefont=\toks29
\thm@headpunct=\toks30
\thm@preskip=\skip62
\thm@postskip=\skip63
\thm@headsep=\skip64
\dth@everypar=\toks31
) (D:\miktex\tex/latex/mathtools\mathtools.sty
Package: mathtools 2022/02/07 v1.28a mathematical typesetting tools
(D:\miktex\tex/latex/mathtools\mhsetup.sty
Package: mhsetup 2021/03/18 v1.4 programming setup (MH)
)
\g_MT_multlinerow_int=\count307
\l_MT_multwidth_dim=\dimen177
\origjot=\skip65
\l_MT_shortvdotswithinadjustabove_dim=\dimen178
\l_MT_shortvdotswithinadjustbelow_dim=\dimen179
\l_MT_above_intertext_sep=\dimen180
\l_MT_below_intertext_sep=\dimen181
\l_MT_above_shortintertext_sep=\dimen182
\l_MT_below_shortintertext_sep=\dimen183
\xmathstrut@box=\box63
\xmathstrut@dim=\dimen184
) (D:\miktex\tex/latex/tools\bm.sty
Package: bm 2021/04/25 v1.2e Bold Symbol Support (DPC/FMi)
\symboldoperators=\mathgroup6
\symboldletters=\mathgroup7
\symboldsymbols=\mathgroup8
Package bm Info: No bold for \OMX/lmex/m/n, using \pmb.
Package bm Info: No bold for \U/msa/m/n, using \pmb.
Package bm Info: No bold for \U/msb/m/n, using \pmb.
LaTeX Font Info:    Redeclaring math alphabet \mathbf on input line 149.
) (D:\miktex\tex/latex/subfig\subfig.sty
Package: subfig 2005/06/28 ver: 1.3 subfig package
(D:\miktex\tex/latex/caption\caption.sty
Package: caption 2022/03/01 v3.6b Customizing captions (AR)
(D:\miktex\tex/latex/caption\caption3.sty
Package: caption3 2022/03/17 v2.3b caption3 kernel (AR)
\caption@tempdima=\dimen185
\captionmargin=\dimen186
\caption@leftmargin=\dimen187
\caption@rightmargin=\dimen188
\caption@width=\dimen189
\caption@indent=\dimen190
\caption@parindent=\dimen191
\caption@hangindent=\dimen192
Package caption Info: Standard document class detected.
)
\c@caption@flags=\count308
\c@continuedfloat=\count309
Package caption Info: longtable package is loaded.
(D:\miktex\tex/latex/caption\ltcaption.sty
Package: ltcaption 2021/01/08 v1.4c longtable captions (AR)
))
\c@KVtest=\count310
\sf@farskip=\skip66
\sf@captopadj=\dimen193
\sf@capskip=\skip67
\sf@nearskip=\skip68
\c@subfigure=\count311
\c@subfigure@save=\count312
\c@lofdepth=\count313
\c@subtable=\count314
\c@subtable@save=\count315
\c@lotdepth=\count316
\sf@top=\skip69
\sf@bottom=\skip70
) (D:\miktex\tex/latex/natbib\natbib.sty
Package: natbib 2010/09/13 8.31b (PWD, AO)
\bibhang=\skip71
\bibsep=\skip72
LaTeX Info: Redefining \cite on input line 694.
\c@NAT@ctr=\count317
) (D:\miktex\tex/latex/bookmark\bookmark.sty
Package: bookmark 2020-11-06 v1.29 PDF bookmarks (HO)
(D:\miktex\tex/latex/hyperref\hyperref.sty
Package: hyperref 2022-02-21 v7.00n Hypertext links for LaTeX
(D:\miktex\tex/generic/pdftexcmds\pdftexcmds.sty
Package: pdftexcmds 2020-06-27 v0.33 Utility functions of pdfTeX for LuaTeX (HO
)
(D:\miktex\tex/generic/infwarerr\infwarerr.sty
Package: infwarerr 2019/12/03 v1.5 Providing info/warning/error messages (HO)
)
Package pdftexcmds Info: \pdf@primitive is available.
Package pdftexcmds Info: \pdf@ifprimitive is available.
Package pdftexcmds Info: \pdfdraftmode not found.
) (D:\miktex\tex/generic/kvdefinekeys\kvdefinekeys.sty
Package: kvdefinekeys 2019-12-19 v1.6 Define keys (HO)
) (D:\miktex\tex/generic/pdfescape\pdfescape.sty
Package: pdfescape 2019/12/09 v1.15 Implements pdfTeX's escape features (HO)
) (D:\miktex\tex/latex/hycolor\hycolor.sty
Package: hycolor 2020-01-27 v1.10 Color options for hyperref/bookmark (HO)
) (D:\miktex\tex/latex/letltxmacro\letltxmacro.sty
Package: letltxmacro 2019/12/03 v1.6 Let assignment for LaTeX macros (HO)
) (D:\miktex\tex/latex/auxhook\auxhook.sty
Package: auxhook 2019-12-17 v1.6 Hooks for auxiliary files (HO)
)
\@linkdim=\dimen194
\Hy@linkcounter=\count318
\Hy@pagecounter=\count319
(D:\miktex\tex/latex/hyperref\pd1enc.def
File: pd1enc.def 2022-02-21 v7.00n Hyperref: PDFDocEncoding definition (HO)
) (D:\miktex\tex/generic/intcalc\intcalc.sty
Package: intcalc 2019/12/15 v1.3 Expandable calculations with integers (HO)
) (D:\miktex\tex/generic/etexcmds\etexcmds.sty
Package: etexcmds 2019/12/15 v1.7 Avoid name clashes with e-TeX commands (HO)
)
\Hy@SavedSpaceFactor=\count320
(D:\miktex\tex/latex/hyperref\puenc.def
File: puenc.def 2022-02-21 v7.00n Hyperref: PDF Unicode definition (HO)
)
Package hyperref Info: Option `unicode' set `true' on input line 4018.
Package hyperref Info: Hyper figures OFF on input line 4137.
Package hyperref Info: Link nesting OFF on input line 4142.
Package hyperref Info: Hyper index ON on input line 4145.
Package hyperref Info: Plain pages OFF on input line 4152.
Package hyperref Info: Backreferencing OFF on input line 4157.
Package hyperref Info: Implicit mode ON; LaTeX internals redefined.
Package hyperref Info: Bookmarks ON on input line 4390.
\c@Hy@tempcnt=\count321
(D:\miktex\tex/latex/url\url.sty
\Urlmuskip=\muskip18
Package: url 2013/09/16  ver 3.4  Verb mode for urls, etc.
)
LaTeX Info: Redefining \url on input line 4749.
\XeTeXLinkMargin=\dimen195
(D:\miktex\tex/generic/bitset\bitset.sty
Package: bitset 2019/12/09 v1.3 Handle bit-vector datatype (HO)
(D:\miktex\tex/generic/bigintcalc\bigintcalc.sty
Package: bigintcalc 2019/12/15 v1.5 Expandable calculations on big integers (HO
)
))
\Fld@menulength=\count322
\Field@Width=\dimen196
\Fld@charsize=\dimen197
Package hyperref Info: Hyper figures OFF on input line 6027.
Package hyperref Info: Link nesting OFF on input line 6032.
Package hyperref Info: Hyper index ON on input line 6035.
Package hyperref Info: backreferencing OFF on input line 6042.
Package hyperref Info: Link coloring OFF on input line 6047.
Package hyperref Info: Link coloring with OCG OFF on input line 6052.
Package hyperref Info: PDF/A mode OFF on input line 6057.
LaTeX Info: Redefining \ref on input line 6097.
LaTeX Info: Redefining \pageref on input line 6101.
(D:\miktex\tex/latex/base\atbegshi-ltx.sty
Package: atbegshi-ltx 2021/01/10 v1.0c Emulation of the original atbegshi
package with kernel methods
)
\Hy@abspage=\count323
\c@Item=\count324
\c@Hfootnote=\count325
)
Package hyperref Info: Driver (autodetected): hxetex.
(D:\miktex\tex/latex/hyperref\hxetex.def
File: hxetex.def 2022-02-21 v7.00n Hyperref driver for XeTeX
(D:\miktex\tex/generic/stringenc\stringenc.sty
Package: stringenc 2019/11/29 v1.12 Convert strings between diff. encodings (HO
)
)
\pdfm@box=\box64
\c@Hy@AnnotLevel=\count326
\HyField@AnnotCount=\count327
\Fld@listcount=\count328
\c@bookmark@seq@number=\count329
(D:\miktex\tex/latex/rerunfilecheck\rerunfilecheck.sty
Package: rerunfilecheck 2019/12/05 v1.9 Rerun checks for auxiliary files (HO)
(D:\miktex\tex/latex/base\atveryend-ltx.sty
Package: atveryend-ltx 2020/08/19 v1.0a Emulation of the original atveryend pac
kage
with kernel methods
) (D:\miktex\tex/generic/uniquecounter\uniquecounter.sty
Package: uniquecounter 2019/12/15 v1.4 Provide unlimited unique counter (HO)
)
Package uniquecounter Info: New unique counter `rerunfilecheck' on input line 2
86.
)
\Hy@SectionHShift=\skip73
) (D:\miktex\tex/latex/bookmark\bkm-dvipdfm.def
File: bkm-dvipdfm.def 2020-11-06 v1.29 bookmark driver for dvipdfm (HO)
\BKM@id=\count330
)) (D:\miktex\tex/latex/xurl\xurl.sty
Package: xurl 2022/01/09 v 0.10 modify URL breaks
)
\c@theorem=\count331
\c@lemma=\count332
\c@corollary=\count333
\c@proposition=\count334
\c@conjecture=\count335
\c@definition=\count336
\c@example=\count337
\c@exercise=\count338
\c@hypothesis=\count339
(quantumalgorighms.aux)
\openout1 = `quantumalgorighms.aux'.

LaTeX Font Info:    Checking defaults for OML/cmm/m/it on input line 149.
LaTeX Font Info:    ... okay on input line 149.
LaTeX Font Info:    Checking defaults for OMS/cmsy/m/n on input line 149.
LaTeX Font Info:    ... okay on input line 149.
LaTeX Font Info:    Checking defaults for OT1/cmr/m/n on input line 149.
LaTeX Font Info:    ... okay on input line 149.
LaTeX Font Info:    Checking defaults for T1/cmr/m/n on input line 149.
LaTeX Font Info:    ... okay on input line 149.
LaTeX Font Info:    Checking defaults for TS1/cmr/m/n on input line 149.
LaTeX Font Info:    ... okay on input line 149.
LaTeX Font Info:    Checking defaults for TU/lmr/m/n on input line 149.
LaTeX Font Info:    ... okay on input line 149.
LaTeX Font Info:    Checking defaults for OMX/cmex/m/n on input line 149.
LaTeX Font Info:    ... okay on input line 149.
LaTeX Font Info:    Checking defaults for U/cmr/m/n on input line 149.
LaTeX Font Info:    ... okay on input line 149.
LaTeX Font Info:    Checking defaults for PD1/pdf/m/n on input line 149.
LaTeX Font Info:    ... okay on input line 149.
LaTeX Font Info:    Checking defaults for PU/pdf/m/n on input line 149.
LaTeX Font Info:    ... okay on input line 149.
LaTeX Font Info:    Overwriting math alphabet `\mathrm' in version `normal'
(Font)                  OT1/lmr/m/n --> TU/lmr/m/n on input line 149.
LaTeX Font Info:    Overwriting math alphabet `\mathit' in version `normal'
(Font)                  OT1/lmr/m/it --> TU/lmr/m/it on input line 149.
LaTeX Font Info:    Overwriting math alphabet `\mathbf' in version `normal'
(Font)                  OT1/lmr/bx/n --> TU/lmr/bx/n on input line 149.
LaTeX Font Info:    Overwriting math alphabet `\mathsf' in version `normal'
(Font)                  OT1/lmss/m/n --> TU/lmss/m/n on input line 149.
LaTeX Font Info:    Overwriting math alphabet `\mathsf' in version `bold'
(Font)                  OT1/lmss/bx/n --> TU/lmss/bx/n on input line 149.
LaTeX Font Info:    Overwriting math alphabet `\mathtt' in version `normal'
(Font)                  OT1/lmtt/m/n --> TU/lmtt/m/n on input line 149.
LaTeX Font Info:    Overwriting math alphabet `\mathtt' in version `bold'
(Font)                  OT1/lmtt/m/n --> TU/lmtt/bx/n on input line 149.

Package fontspec Info: latinmodern-math scale = 0.9999964596882403.


Package fontspec Info: latinmodern-math scale = 0.9999964596882403.


Package fontspec Info: latinmodern-math scale = 0.9999964596882403.


Package fontspec Info: Font family 'latinmodern-math.otf(0)' created for font
(fontspec)             'latinmodern-math.otf' with options
(fontspec)             [Scale=MatchLowercase,BoldItalicFont={},ItalicFont={},Sm
allCapsFont={},Script=Math,BoldFont={latinmodern-math.otf}].
(fontspec)              
(fontspec)              This font family consists of the following NFSS
(fontspec)             series/shapes:
(fontspec)              
(fontspec)             - 'normal' (m/n) with NFSS spec.:
(fontspec)             <->s*[0.9999964596882403]"[latinmodern-math.otf]/OT:scri
pt=math;language=dflt;"
(fontspec)             - 'small caps'  (m/sc) with NFSS spec.: 
(fontspec)             - 'bold' (b/n) with NFSS spec.:
(fontspec)             <->s*[0.9999964596882403]"[latinmodern-math.otf]/OT:scri
pt=math;language=dflt;"
(fontspec)             - 'bold small caps'  (b/sc) with NFSS spec.: 

LaTeX Font Info:    Font shape `TU/latinmodern-math.otf(0)/m/n' will be
(Font)              scaled to size 10.0pt on input line 149.

Package fontspec Info: latinmodern-math scale = 0.9999964596882403.


Package fontspec Info: latinmodern-math scale = 0.9999964596882403.


Package fontspec Info: latinmodern-math scale = 0.9999964596882403.


Package fontspec Info: latinmodern-math scale = 0.9999964596882403.


Package fontspec Info: latinmodern-math scale = 0.9999964596882403.


Package fontspec Info: Font family 'latinmodern-math.otf(1)' created for font
(fontspec)             'latinmodern-math.otf' with options
(fontspec)             [Scale=MatchLowercase,BoldItalicFont={},ItalicFont={},Sm
allCapsFont={},Script=Math,SizeFeatures={{Size=8.5-},{Size=6-8.5,Font=latinmode
rn-math.otf,Style=MathScript},{Size=-6,Font=latinmodern-math.otf,Style=MathScri
ptScript}},BoldFont={latinmodern-math.otf}].
(fontspec)              
(fontspec)              This font family consists of the following NFSS
(fontspec)             series/shapes:
(fontspec)              
(fontspec)             - 'normal' (m/n) with NFSS spec.:
(fontspec)             <8.5->s*[0.9999964596882403]"[latinmodern-math.otf]/OT:s
cript=math;language=dflt;"<6-8.5>s*[0.9999964596882403]"[latinmodern-math.otf]/
OT:script=math;language=dflt;+ssty=0;"<-6>s*[0.9999964596882403]"[latinmodern-m
ath.otf]/OT:script=math;language=dflt;+ssty=1;"
(fontspec)             - 'small caps'  (m/sc) with NFSS spec.: 
(fontspec)             - 'bold' (b/n) with NFSS spec.:
(fontspec)             <->s*[0.9999964596882403]"[latinmodern-math.otf]/OT:scri
pt=math;language=dflt;"
(fontspec)             - 'bold small caps'  (b/sc) with NFSS spec.: 

LaTeX Font Info:    Font shape `TU/latinmodern-math.otf(1)/m/n' will be
(Font)              scaled to size 10.0pt on input line 149.
LaTeX Font Info:    Encoding `OT1' has changed to `TU' for symbol font
(Font)              `operators' in the math version `normal' on input line 149.

LaTeX Font Info:    Overwriting symbol font `operators' in version `normal'
(Font)                  OT1/lmr/m/n --> TU/latinmodern-math.otf(1)/m/n on input
 line 149.
LaTeX Font Info:    Encoding `OT1' has changed to `TU' for symbol font
(Font)              `operators' in the math version `bold' on input line 149.
LaTeX Font Info:    Overwriting symbol font `operators' in version `bold'
(Font)                  OT1/lmr/bx/n --> TU/latinmodern-math.otf(1)/b/n on inpu
t line 149.

Package fontspec Info: latinmodern-math scale = 0.9999964596882403.


Package fontspec Info: latinmodern-math scale = 1.000096459334209.


Package fontspec Info: latinmodern-math scale = 0.9999964596882403.


Package fontspec Info: latinmodern-math scale = 1.000096459334209.


Package fontspec Info: latinmodern-math scale = 0.9999964596882403.


Package fontspec Info: latinmodern-math scale = 1.000096459334209.


Package fontspec Info: latinmodern-math scale = 0.9999964596882403.


Package fontspec Info: latinmodern-math scale = 1.000096459334209.


Package fontspec Info: latinmodern-math scale = 0.9999964596882403.


Package fontspec Info: latinmodern-math scale = 1.000096459334209.


Package fontspec Info: Font family 'latinmodern-math.otf(2)' created for font
(fontspec)             'latinmodern-math.otf' with options
(fontspec)             [Scale=MatchLowercase,BoldItalicFont={},ItalicFont={},Sm
allCapsFont={},Script=Math,SizeFeatures={{Size=8.5-},{Size=6-8.5,Font=latinmode
rn-math.otf,Style=MathScript},{Size=-6,Font=latinmodern-math.otf,Style=MathScri
ptScript}},BoldFont={latinmodern-math.otf},ScaleAgain=1.0001,FontAdjustment={\f
ontdimen
(fontspec)             8\font =6.77pt\relax \fontdimen 9\font =3.94pt\relax
(fontspec)             \fontdimen 10\font =4.44pt\relax \fontdimen 11\font
(fontspec)             =6.86pt\relax \fontdimen 12\font =3.45pt\relax
(fontspec)             \fontdimen 13\font =3.63pt\relax \fontdimen 14\font
(fontspec)             =3.63pt\relax \fontdimen 15\font =2.89pt\relax
(fontspec)             \fontdimen 16\font =2.47pt\relax \fontdimen 17\font
(fontspec)             =2.47pt\relax \fontdimen 18\font =2.5pt\relax
(fontspec)             \fontdimen 19\font =2.0pt\relax \fontdimen 22\font
(fontspec)             =2.5pt\relax \fontdimen 20\font =0pt\relax \fontdimen
(fontspec)             21\font =0pt\relax }].
(fontspec)              
(fontspec)              This font family consists of the following NFSS
(fontspec)             series/shapes:
(fontspec)              
(fontspec)             - 'normal' (m/n) with NFSS spec.:
(fontspec)             <8.5->s*[1.000096459334209]"[latinmodern-math.otf]/OT:sc
ript=math;language=dflt;"<6-8.5>s*[1.000096459334209]"[latinmodern-math.otf]/OT
:script=math;language=dflt;+ssty=0;"<-6>s*[1.000096459334209]"[latinmodern-math
.otf]/OT:script=math;language=dflt;+ssty=1;"
(fontspec)             - 'small caps'  (m/sc) with NFSS spec.: 
(fontspec)             and font adjustment code:
(fontspec)             \fontdimen 8\font =6.77pt\relax \fontdimen 9\font
(fontspec)             =3.94pt\relax \fontdimen 10\font =4.44pt\relax
(fontspec)             \fontdimen 11\font =6.86pt\relax \fontdimen 12\font
(fontspec)             =3.45pt\relax \fontdimen 13\font =3.63pt\relax
(fontspec)             \fontdimen 14\font =3.63pt\relax \fontdimen 15\font
(fontspec)             =2.89pt\relax \fontdimen 16\font =2.47pt\relax
(fontspec)             \fontdimen 17\font =2.47pt\relax \fontdimen 18\font
(fontspec)             =2.5pt\relax \fontdimen 19\font =2.0pt\relax \fontdimen
(fontspec)             22\font =2.5pt\relax \fontdimen 20\font =0pt\relax
(fontspec)             \fontdimen 21\font =0pt\relax 
(fontspec)             - 'bold' (b/n) with NFSS spec.:
(fontspec)             <->s*[1.000096459334209]"[latinmodern-math.otf]/OT:scrip
t=math;language=dflt;"
(fontspec)             - 'bold small caps'  (b/sc) with NFSS spec.: 
(fontspec)             and font adjustment code:
(fontspec)             \fontdimen 8\font =6.77pt\relax \fontdimen 9\font
(fontspec)             =3.94pt\relax \fontdimen 10\font =4.44pt\relax
(fontspec)             \fontdimen 11\font =6.86pt\relax \fontdimen 12\font
(fontspec)             =3.45pt\relax \fontdimen 13\font =3.63pt\relax
(fontspec)             \fontdimen 14\font =3.63pt\relax \fontdimen 15\font
(fontspec)             =2.89pt\relax \fontdimen 16\font =2.47pt\relax
(fontspec)             \fontdimen 17\font =2.47pt\relax \fontdimen 18\font
(fontspec)             =2.5pt\relax \fontdimen 19\font =2.0pt\relax \fontdimen
(fontspec)             22\font =2.5pt\relax \fontdimen 20\font =0pt\relax
(fontspec)             \fontdimen 21\font =0pt\relax 

LaTeX Font Info:    Encoding `OMS' has changed to `TU' for symbol font
(Font)              `symbols' in the math version `normal' on input line 149.
LaTeX Font Info:    Overwriting symbol font `symbols' in version `normal'
(Font)                  OMS/lmsy/m/n --> TU/latinmodern-math.otf(2)/m/n on inpu
t line 149.
LaTeX Font Info:    Encoding `OMS' has changed to `TU' for symbol font
(Font)              `symbols' in the math version `bold' on input line 149.
LaTeX Font Info:    Overwriting symbol font `symbols' in version `bold'
(Font)                  OMS/lmsy/b/n --> TU/latinmodern-math.otf(2)/b/n on inpu
t line 149.

Package fontspec Info: latinmodern-math scale = 0.9999964596882403.


Package fontspec Info: latinmodern-math scale = 0.9998964600422715.


Package fontspec Info: latinmodern-math scale = 0.9999964596882403.


Package fontspec Info: latinmodern-math scale = 0.9998964600422715.


Package fontspec Info: latinmodern-math scale = 0.9999964596882403.


Package fontspec Info: latinmodern-math scale = 0.9998964600422715.


Package fontspec Info: latinmodern-math scale = 0.9999964596882403.


Package fontspec Info: latinmodern-math scale = 0.9998964600422715.


Package fontspec Info: latinmodern-math scale = 0.9999964596882403.


Package fontspec Info: latinmodern-math scale = 0.9998964600422715.


Package fontspec Info: Font family 'latinmodern-math.otf(3)' created for font
(fontspec)             'latinmodern-math.otf' with options
(fontspec)             [Scale=MatchLowercase,BoldItalicFont={},ItalicFont={},Sm
allCapsFont={},Script=Math,SizeFeatures={{Size=8.5-},{Size=6-8.5,Font=latinmode
rn-math.otf,Style=MathScript},{Size=-6,Font=latinmodern-math.otf,Style=MathScri
ptScript}},BoldFont={latinmodern-math.otf},ScaleAgain=0.9999,FontAdjustment={\f
ontdimen
(fontspec)             8\font =0.4pt\relax \fontdimen 9\font =2.0pt\relax
(fontspec)             \fontdimen 10\font =1.67pt\relax \fontdimen 11\font
(fontspec)             =1.11pt\relax \fontdimen 12\font =6.0pt\relax
(fontspec)             \fontdimen 13\font =0pt\relax }].
(fontspec)              
(fontspec)              This font family consists of the following NFSS
(fontspec)             series/shapes:
(fontspec)              
(fontspec)             - 'normal' (m/n) with NFSS spec.:
(fontspec)             <8.5->s*[0.9998964600422715]"[latinmodern-math.otf]/OT:s
cript=math;language=dflt;"<6-8.5>s*[0.9998964600422715]"[latinmodern-math.otf]/
OT:script=math;language=dflt;+ssty=0;"<-6>s*[0.9998964600422715]"[latinmodern-m
ath.otf]/OT:script=math;language=dflt;+ssty=1;"
(fontspec)             - 'small caps'  (m/sc) with NFSS spec.: 
(fontspec)             and font adjustment code:
(fontspec)             \fontdimen 8\font =0.4pt\relax \fontdimen 9\font
(fontspec)             =2.0pt\relax \fontdimen 10\font =1.67pt\relax
(fontspec)             \fontdimen 11\font =1.11pt\relax \fontdimen 12\font
(fontspec)             =6.0pt\relax \fontdimen 13\font =0pt\relax 
(fontspec)             - 'bold' (b/n) with NFSS spec.:
(fontspec)             <->s*[0.9998964600422715]"[latinmodern-math.otf]/OT:scri
pt=math;language=dflt;"
(fontspec)             - 'bold small caps'  (b/sc) with NFSS spec.: 
(fontspec)             and font adjustment code:
(fontspec)             \fontdimen 8\font =0.4pt\relax \fontdimen 9\font
(fontspec)             =2.0pt\relax \fontdimen 10\font =1.67pt\relax
(fontspec)             \fontdimen 11\font =1.11pt\relax \fontdimen 12\font
(fontspec)             =6.0pt\relax \fontdimen 13\font =0pt\relax 

LaTeX Font Info:    Encoding `OMX' has changed to `TU' for symbol font
(Font)              `largesymbols' in the math version `normal' on input line 1
49.
LaTeX Font Info:    Overwriting symbol font `largesymbols' in version `normal'
(Font)                  OMX/lmex/m/n --> TU/latinmodern-math.otf(3)/m/n on inpu
t line 149.
LaTeX Font Info:    Encoding `OMX' has changed to `TU' for symbol font
(Font)              `largesymbols' in the math version `bold' on input line 149
.
LaTeX Font Info:    Overwriting symbol font `largesymbols' in version `bold'
(Font)                  OMX/lmex/m/n --> TU/latinmodern-math.otf(3)/b/n on inpu
t line 149.

Package unicode-math Warning: Using \overbracket and \underbracket from
(unicode-math)                `mathtools' package.
(unicode-math)                 
(unicode-math)                 Use \Uoverbracket and \Uunderbracket for
(unicode-math)                original `unicode-math' definition.


Package unicode-math Warning: I'm going to overwrite the following commands
(unicode-math)                from the `mathtools' package: 
(unicode-math)                 
(unicode-math)                     \dblcolon, \coloneqq, \Coloneqq, \eqqcolon.
(unicode-math)                
(unicode-math)                 
(unicode-math)                 Note that since I won't overwrite the other
(unicode-math)                colon-like commands, using them will lead to
(unicode-math)                inconsistencies.

LaTeX Info: Redefining \microtypecontext on input line 149.
Package microtype Info: Applying patch `item' on input line 149.
Package microtype Info: Applying patch `toc' on input line 149.
Package microtype Info: Applying patch `eqnum' on input line 149.
Package microtype Info: Applying patch `footnote' on input line 149.
Package microtype Info: Character protrusion enabled (level 2).
Package microtype Info: Using protrusion set `basicmath'.
Package microtype Info: No adjustment of tracking.
Package microtype Info: No adjustment of spacing.
Package microtype Info: No adjustment of kerning.
(D:\miktex\tex/latex/microtype\mt-LatinModernRoman.cfg
File: mt-LatinModernRoman.cfg 2021/02/21 v1.1 microtype config. file: Latin Mod
ern Roman (RS)
)
Package caption Info: Begin \AtBeginDocument code.
Package caption Info: subfig package v1.3 is loaded.
Package caption Info: hyperref package is loaded.
Package caption Info: End \AtBeginDocument code.
Package hyperref Info: Link coloring OFF on input line 149.
(D:\miktex\tex/latex/hyperref\nameref.sty
Package: nameref 2021-04-02 v2.47 Cross-referencing by name of section
(D:\miktex\tex/latex/refcount\refcount.sty
Package: refcount 2019/12/15 v3.6 Data extraction from label references (HO)
) (D:\miktex\tex/generic/gettitlestring\gettitlestring.sty
Package: gettitlestring 2019/12/15 v1.6 Cleanup title references (HO)
)
\c@section@level=\count340
)
LaTeX Info: Redefining \ref on input line 149.
LaTeX Info: Redefining \pageref on input line 149.
LaTeX Info: Redefining \nameref on input line 149.
LaTeX Font Info:    Font shape `TU/latinmodern-math.otf(1)/m/n' will be
(Font)              scaled to size 12.0pt on input line 151.
LaTeX Font Info:    Font shape `TU/latinmodern-math.otf(1)/m/n' will be
(Font)              scaled to size 8.0pt on input line 151.
LaTeX Font Info:    Font shape `TU/latinmodern-math.otf(1)/m/n' will be
(Font)              scaled to size 6.0pt on input line 151.
LaTeX Font Info:    Trying to load font information for OML+lmm on input line 1
51.
(D:\miktex\tex/latex/lm\omllmm.fd
File: omllmm.fd 2009/10/30 v1.6 Font defs for Latin Modern
)
LaTeX Font Info:    Font shape `TU/latinmodern-math.otf(2)/m/n' will be
(Font)              scaled to size 12.0011pt on input line 151.
LaTeX Font Info:    Font shape `TU/latinmodern-math.otf(2)/m/n' will be
(Font)              scaled to size 8.00073pt on input line 151.
LaTeX Font Info:    Font shape `TU/latinmodern-math.otf(2)/m/n' will be
(Font)              scaled to size 6.00055pt on input line 151.
LaTeX Font Info:    Font shape `TU/latinmodern-math.otf(3)/m/n' will be
(Font)              scaled to size 11.99872pt on input line 151.
LaTeX Font Info:    Font shape `TU/latinmodern-math.otf(3)/m/n' will be
(Font)              scaled to size 7.99915pt on input line 151.
LaTeX Font Info:    Font shape `TU/latinmodern-math.otf(3)/m/n' will be
(Font)              scaled to size 5.99936pt on input line 151.
LaTeX Font Info:    Trying to load font information for U+msa on input line 151
.
(D:\miktex\tex/latex/amsfonts\umsa.fd
File: umsa.fd 2013/01/14 v3.01 AMS symbols A
) (D:\miktex\tex/latex/microtype\mt-msa.cfg
File: mt-msa.cfg 2006/02/04 v1.1 microtype config. file: AMS symbols (a) (RS)
)
LaTeX Font Info:    Trying to load font information for U+msb on input line 151
.
(D:\miktex\tex/latex/amsfonts\umsb.fd
File: umsb.fd 2013/01/14 v3.01 AMS symbols B
) (D:\miktex\tex/latex/microtype\mt-msb.cfg
File: mt-msb.cfg 2005/06/01 v1.0 microtype config. file: AMS symbols (b) (RS)
)
LaTeX Font Info:    Trying to load font information for OT1+lmr on input line 1
51.
(D:\miktex\tex/latex/lm\ot1lmr.fd
File: ot1lmr.fd 2009/10/30 v1.6 Font defs for Latin Modern
)
LaTeX Font Info:    Trying to load font information for OMS+lmsy on input line 
151.
(D:\miktex\tex/latex/lm\omslmsy.fd
File: omslmsy.fd 2009/10/30 v1.6 Font defs for Latin Modern
) [1


] [2

] (quantumalgorighms.toc
LaTeX Font Info:    Font shape `TU/latinmodern-math.otf(1)/m/n' will be
(Font)              scaled to size 7.0pt on input line 2.
LaTeX Font Info:    Font shape `TU/latinmodern-math.otf(1)/m/n' will be
(Font)              scaled to size 5.0pt on input line 2.
LaTeX Font Info:    Font shape `TU/latinmodern-math.otf(2)/m/n' will be
(Font)              scaled to size 10.00092pt on input line 2.
LaTeX Font Info:    Font shape `TU/latinmodern-math.otf(2)/m/n' will be
(Font)              scaled to size 7.00064pt on input line 2.
LaTeX Font Info:    Font shape `TU/latinmodern-math.otf(2)/m/n' will be
(Font)              scaled to size 5.00046pt on input line 2.
LaTeX Font Info:    Font shape `TU/latinmodern-math.otf(3)/m/n' will be
(Font)              scaled to size 9.99893pt on input line 2.
LaTeX Font Info:    Font shape `TU/latinmodern-math.otf(3)/m/n' will be
(Font)              scaled to size 6.99925pt on input line 2.
LaTeX Font Info:    Font shape `TU/latinmodern-math.otf(3)/m/n' will be
(Font)              scaled to size 4.99947pt on input line 2.
[3] [4])
\tf@toc=\write4
\openout4 = `quantumalgorighms.toc'.

[5] [6

]
Chapter 1.
[7] [8] [9] [10]
Underfull \hbox (badness 1033) in paragraph at lines 328--329
[]\TU/lmr/m/n/10 Lecture 20: \TU/lmr/bx/n/10 Quantum optimization\TU/lmr/m/n/10
 : Quantum SDP algorithms,
 []

[11] [12

] [13] [14]
Chapter 2.
[15

]
Overfull \hbox (6.02562pt too wide) has occurred while \output is active
\TU/lmr/m/n/10 16 \TU/lmr/m/sl/10 CHAPTER 2.  QUANTUM COMPUTING AND QUANTUM ALG
ORITHMS
 []

[16] [17]
Overfull \hbox (6.02562pt too wide) has occurred while \output is active
\TU/lmr/m/n/10 18 \TU/lmr/m/sl/10 CHAPTER 2.  QUANTUM COMPUTING AND QUANTUM ALG
ORITHMS
 []

[18] [19]
Overfull \hbox (26.5661pt too wide) detected at line 612
[][][][][] [] [] [][][][][][][][][][] [] [] [][][] [] [] [][][][][][][][][]
 []


Underfull \hbox (badness 1552) in paragraph at lines 617--617
[]\TU/lmr/bx/n/14.4 Measuring complexity of quantum algo-
 []


Overfull \hbox (6.02562pt too wide) has occurred while \output is active
\TU/lmr/m/n/10 20 \TU/lmr/m/sl/10 CHAPTER 2.  QUANTUM COMPUTING AND QUANTUM ALG
ORITHMS
 []

[20] [21]
Overfull \hbox (6.02562pt too wide) has occurred while \output is active
\TU/lmr/m/n/10 22 \TU/lmr/m/sl/10 CHAPTER 2.  QUANTUM COMPUTING AND QUANTUM ALG
ORITHMS
 []

[22]
Overfull \hbox (26.2389pt too wide) detected at line 784
[] [][][] [] [] [][][]
 []

[23]
Overfull \hbox (6.02562pt too wide) has occurred while \output is active
\TU/lmr/m/n/10 24 \TU/lmr/m/sl/10 CHAPTER 2.  QUANTUM COMPUTING AND QUANTUM ALG
ORITHMS
 []

[24]

LaTeX Warning: Reference `(' on page 25 undefined on input line 826.

File: images/wip.png Graphic file (type bmp)
<images/wip.png>
[25]
Overfull \hbox (6.02562pt too wide) has occurred while \output is active
\TU/lmr/m/n/10 26 \TU/lmr/m/sl/10 CHAPTER 2.  QUANTUM COMPUTING AND QUANTUM ALG
ORITHMS
 []

[26] [27]
Overfull \hbox (12.32684pt too wide) detected at line 984
[]
 []


Overfull \hbox (6.02562pt too wide) has occurred while \output is active
\TU/lmr/m/n/10 28 \TU/lmr/m/sl/10 CHAPTER 2.  QUANTUM COMPUTING AND QUANTUM ALG
ORITHMS
 []

[28]

LaTeX Warning: Reference `error-prop' on page 29 undefined on input line 992.

[29]
Overfull \hbox (6.02562pt too wide) has occurred while \output is active
\TU/lmr/m/n/10 30 \TU/lmr/m/sl/10 CHAPTER 2.  QUANTUM COMPUTING AND QUANTUM ALG
ORITHMS
 []

[30

]
Chapter 3.
File: images/wip.png Graphic file (type bmp)
<images/wip.png>

Underfull \hbox (badness 1642) in paragraph at lines 1004--1004
\TU/lmr/m/n/10 list](https://github.com/Scinawa/quantumalgorithms.org/issues/70
) you can
 []

[31]
File: algpseudocode/typesofdata-1.png Graphic file (type bmp)
<algpseudocode/typesofdata-1.png>
[32]
Overfull \hbox (9.0867pt too wide) in paragraph at lines 1033--1035
[][]\TU/lmr/bx/n/10 Definition 3.1 \TU/lmr/m/n/10 (Fixed-point encoding of real
 numbers[@rebentrost2021quantum)\TU/lmr/bx/n/10 .
 []


LaTeX Warning: Reference `chap:QML-on-real-data' on page 33 undefined on input 
line 1044.

[33] [34]
File: images/wip.png Graphic file (type bmp)
<images/wip.png>
[35]
File: images/oracle-models.png Graphic file (type bmp)
<images/oracle-models.png>
[36]
Overfull \hbox (5.0767pt too wide) in paragraph at lines 1111--1113
[][]\TU/lmr/bx/n/10 Definition 3.3 \TU/lmr/m/n/10 (Quantum Random Access Memory
 [@giovannetti2008quantum)\TU/lmr/bx/n/10 .
 []

[37] [38] [39]
File: images/multiplexer.png Graphic file (type bmp)
<images/multiplexer.png>
[40] [41] [42] [43] [44]
Missing character: There is no μ in font [lmroman10-regular]:mapping=tex-text;!
[45] [46] [47] [48]
Overfull \hbox (38.0667pt too wide) in paragraph at lines 1435--1437
[][]\TU/lmr/bx/n/10 Theorem 3.3 \TU/lmr/m/n/10 (Vector state tomography with L∞
 guarantees [@jonal2019convolutional)\TU/lmr/bx/n/10 .
 []

[49] [50]
Chapter 4.
File: images/wip.png Graphic file (type bmp)
<images/wip.png>
[51

] [52] [53] [54]
Overfull \hbox (10.28453pt too wide) has occurred while \output is active
\TU/lmr/m/sl/10 4.5.  GENERALIZED EIGENVALUE PROBLEMS IN MACHINE LEARNING \TU/l
mr/m/n/10 55
 []

[55] [56] [57] [58]
Chapter 5.
[59

] [60]
Overfull \hbox (36.35672pt too wide) in paragraph at lines 1654--1656
[][]\TU/lmr/bx/n/10 Lemma 5.1 \TU/lmr/m/n/10 (Amplitude amplification and estim
ation [@kerenidis2017quantumsquares)\TU/lmr/bx/n/10 .
 []

[61] [62]
File: algpseudocode/min-finding.png Graphic file (type bmp)
<algpseudocode/min-finding.png>
File: algpseudocode/qesa.png Graphic file (type bmp)
<algpseudocode/qesa.png>
[63]
Overfull \hbox (9.1067pt too wide) in paragraph at lines 1734--1737
[][]\TU/lmr/bx/n/10 Proposition 5.1 \TU/lmr/m/n/10 (Quantum Exponential Searchi
ng Algorithm [@boyer1998tight)\TU/lmr/bx/n/10 .
 []

[64] [65]
Underfull \hbox (badness 5374) in paragraph at lines 1786--1789
[][]\TU/lmr/bx/n/10 Lemma 5.3 \TU/lmr/m/n/10 (Linear combination of unitaries [
@Childs2015)\TU/lmr/bx/n/10 . []\TU/lmr/m/it/10 ] []  []Let
 []

[66] [67] [68]
Underfull \hbox (badness 2846) in paragraph at lines 1883--1883
[]\TU/lmr/bx/n/14.4 Distances, inner products, norms, and
 []


Overfull \hbox (14.51672pt too wide) has occurred while \output is active
\TU/lmr/m/sl/10 5.7.  DISTANCES, INNER PRODUCTS, NORMS, AND QUADRATIC FORMS \TU
/lmr/m/n/10 69
 []

[69] [70]
Underfull \vbox (badness 1147) has occurred while \output is active []


Overfull \hbox (14.51672pt too wide) has occurred while \output is active
\TU/lmr/m/sl/10 5.7.  DISTANCES, INNER PRODUCTS, NORMS, AND QUADRATIC FORMS \TU
/lmr/m/n/10 71
 []

[71] [72]
Overfull \hbox (62.71913pt too wide) in paragraph at lines 2016--2018
[]\TU/lmr/m/it/10 There exists a unitary operator that prepares the state $[] [
][] [][][] []$
 []


Overfull \hbox (14.51672pt too wide) has occurred while \output is active
\TU/lmr/m/sl/10 5.7.  DISTANCES, INNER PRODUCTS, NORMS, AND QUADRATIC FORMS \TU
/lmr/m/n/10 73
 []

[73] [74]

LaTeX Warning: Reference `lem:ratio-relative-general' on page 75 undefined on i
nput line 2092.


Overfull \hbox (14.51672pt too wide) has occurred while \output is active
\TU/lmr/m/sl/10 5.7.  DISTANCES, INNER PRODUCTS, NORMS, AND QUADRATIC FORMS \TU
/lmr/m/n/10 75
 []

[75]

LaTeX Warning: Reference `lem:ratio-relative-general' on page 76 undefined on i
nput line 2131.

[76] [77] [78] [79

] [80]
Chapter 6.
File: images/wip.png Graphic file (type bmp)
<images/wip.png>

Underfull \vbox (badness 10000) has occurred while \output is active []

[81

] [82] [83]
Overfull \hbox (3.54643pt too wide) in paragraph at lines 2309--2312
[][]\TU/lmr/bx/n/10 Definition 6.2 \TU/lmr/m/n/10 (Margin of a dataset)\TU/lmr/
bx/n/10 . []\TU/lmr/m/n/10 Let $[][][][][] [][][][] [][][][] [][][][] [] [] [][
][][] [][][][]$
 []

[84] [85] [86] [87] [88]
Chapter 7.
[89

] [90] [91]
Underfull \hbox (badness 3713) in paragraph at lines 2551--2555
[]\TU/lmr/m/n/10 As reported in the proofs above, creating the state $[][][][] 
[]
 []

[92] [93]

LaTeX Warning: Reference `thm:explained-variance-binarysearch' on page 94 undef
ined on input line 2623.

[94]
Overfull \hbox (62.13539pt too wide) in alignment at lines 2675--2679
 [][][] []
 []


Overfull \hbox (23.32123pt too wide) has occurred while \output is active
\TU/lmr/m/sl/10 7.3.  SINGULAR VALUE ESTIMATION OF A PRODUCT OF TWO MATRICES \T
U/lmr/m/n/10 95
 []

[95] [96]
Underfull \hbox (badness 1199) in paragraph at lines 2708--2709
[]\TU/lmr/m/n/10 We have $[][][][][] [] [][][][][] [] [][][][] [] [][][][]$ and
 $[][][][][] [] [][][][][] []
 []


Underfull \hbox (badness 1270) in paragraph at lines 2708--2709
[] [] [][][][] [] [][][][]$\TU/lmr/m/n/10 , and since $[] [] [][][] [][][][]$th
e running
 []

File: algpseudocode/logdet-sve.png Graphic file (type bmp)
<algpseudocode/logdet-sve.png>
[97] [98]
Overfull \hbox (39.58435pt too wide) detected at line 2773
[]
 []

[99] [100

]
Chapter 8.
[101] [102] [103] [104] [105]
File: algpseudocode/quantum-montecarlo-01.png Graphic file (type bmp)
<algpseudocode/quantum-montecarlo-01.png>

Overfull \hbox (175.25528pt too wide) in paragraph at lines 2969--2971
\TU/lmr/m/n/10 output of $[]$ is bounded between $[]$ and $[]$. [] 
 []

[106]

LaTeX Warning: Reference `fig:quantum-montecarlo-01' on page 107 undefined on i
nput line 2972.


LaTeX Warning: Reference `fig:quantum-montecarlo-01' on page 107 undefined on i
nput line 2975.

LaTeX Font Info:    Font shape `TU/latinmodern-math.otf(1)/m/n' will be
(Font)              scaled to size 14.4pt on input line 2985.
LaTeX Font Info:    Font shape `TU/latinmodern-math.otf(2)/m/n' will be
(Font)              scaled to size 14.4013pt on input line 2985.
LaTeX Font Info:    Font shape `TU/latinmodern-math.otf(3)/m/n' will be
(Font)              scaled to size 14.39845pt on input line 2985.
[107]
File: algpseudocode/quantum-montecarlo-bounded-norm.png Graphic file (type bmp)

<algpseudocode/quantum-montecarlo-bounded-norm.png>
[108]

LaTeX Warning: Reference `thm:quantum-monte-carlo-boundedl2' on page 109 undefi
ned on input line 3038.

[109] [110]
File: algpseudocode/quantum-montecarlo-bounded-var.png Graphic file (type bmp)
<algpseudocode/quantum-montecarlo-bounded-var.png>

LaTeX Warning: Reference `fig:quantum-montecarlo-bounded-var' on page 111 undef
ined on input line 3078.


Underfull \hbox (badness 10000) in paragraph at lines 3075--3080
[][]
 []

[111] [112] [113] [114] [115]

LaTeX Warning: Reference `thm:quantum-monte-carlo-variance1' on page 116 undefi
ned on input line 3192.


LaTeX Warning: Reference `thm:quantum-monte-carlo-variance1' on page 116 undefi
ned on input line 3193.


LaTeX Warning: Reference `thm:quantum-monte-carlo-variance1' on page 116 undefi
ned on input line 3199.

[116] [117]
Overfull \hbox (21.11847pt too wide) in paragraph at lines 3254--3256
\TU/lmr/m/n/10 these steps are repeated until the final time $[][]$ is reached 
and $[][][][][][][][][] [] [] [][][][][][][]$
 []


LaTeX Warning: Reference `thm:quantum-monte-carlo-variance1' on page 118 undefi
ned on input line 3262.


LaTeX Warning: Reference `thm:quantum-monte-carlo-variance1' on page 118 undefi
ned on input line 3264.

[118] [119] [120

]
Chapter 9.
File: images/wip.png Graphic file (type bmp)
<images/wip.png>

Underfull \vbox (badness 10000) has occurred while \output is active []

[121]

LaTeX Warning: Reference `sec:explainedvariance' on page 122 undefined on input
 line 3304.


LaTeX Warning: Reference `thm:explained-variance-binarysearch' on page 122 unde
fined on input line 3305.

[122] [123] [124] [125]

LaTeX Warning: Reference `thm:explained-variance-binarysearch' on page 126 unde
fined on input line 3432.


LaTeX Warning: Reference `thm:explained-variance-binarysearch' on page 126 unde
fined on input line 3433.

[126]
Underfull \hbox (badness 6608) in paragraph at lines 3471--3478
 \TU/lmr/bx/n/10 9.1.2.0.1 Connection to Singular Value Decomposition[] \TU/lmr
/m/n/10 Given
 []

[127] [128] [129]

LaTeX Warning: Reference `lem:unnormalizeUSeVS' on page 130 undefined on input 
line 3569.


Overfull \hbox (31.823pt too wide) in paragraph at lines 3572--3573
[][] [] [][][] [] [][]$ \TU/lmr/m/it/10 and $[][] []
 []

[130] [131] [132] [133] [134] [135] [136]
File: algpseudocode/qsfa.png Graphic file (type bmp)
<algpseudocode/qsfa.png>
[137] [138]
Chapter 10.
[139

] [140]
File: algpseudocode/qmeans.png Graphic file (type bmp)
<algpseudocode/qmeans.png>
[141] [142] [143]
Underfull \hbox (badness 1436) in paragraph at lines 3857--3859
[]\TU/lmr/m/n/10 The $[]$-means update rule for the centroids is given by $[][]
 []
 []

[144] [145] [146] [147] [148] [149] [150

]
Chapter 11.
[151] [152] [153]
File: algpseudocode/cem.png Graphic file (type bmp)
<algpseudocode/cem.png>

Underfull \vbox (badness 10000) has occurred while \output is active []

[154] [155] [156]
Missing character: There is no ∀ in font [lmroman10-regular]:mapping=tex-text;!
Missing character: There is no ∈ in font [lmroman10-regular]:mapping=tex-text;!
Missing character: There is no ∃ in font [lmroman10-regular]:mapping=tex-text;!

Underfull \hbox (badness 1472) in paragraph at lines 4126--4131
\TU/lmr/m/n/10 otherwise. So $[][] [] [][][][][][][][][][][][][][][][] [] [][][
][][][][][] [] [][][][][][][] []
 []

[157]
Underfull \hbox (badness 3029) in paragraph at lines 4134--4134
[]\TU/lmr/bx/n/14.4 Quantum Expectation-Maximization for
 []


Overfull \hbox (20.9772pt too wide) in paragraph at lines 4146--4147
[][]\TU/lmr/bx/n/10 Definition 11.1 \TU/lmr/m/n/10 (Approximate GMM)\TU/lmr/bx/
n/10 . []\TU/lmr/m/n/10 Let $[][] [] [][][][] [][] [][] [] [][][][] [][] [] [][
][] [][] [] [][][]$
 []

[158]
Missing character: There is no 𝜎 in font [lmroman10-regular]:mapping=tex-text;!
File: algpseudocode/qem.png Graphic file (type bmp)
<algpseudocode/qem.png>

Underfull \vbox (badness 10000) has occurred while \output is active []

[159] [160]

LaTeX Warning: Reference `lemma: absolute error logdet' on page 161 undefined o
n input line 4216.

[161]
Overfull \hbox (353.25pt too wide) in paragraph at lines 4239--4239
[]\TU/lmtt/m/n/10 The next lemma provides a quantum algorithm for calculating t
he responsibilities for the particular case of a Gaussian mixture model.[] 
 []

[162] [163] [164] [165] [166] [167] [168] [169] [170

]
Chapter 12.
[171]
Missing character: There is no ≥ in font [lmroman10-regular]:mapping=tex-text;!
Missing character: There is no 𝜉 in font [lmroman10-regular]:mapping=tex-text;!
Missing character: There is no ∀ in font [lmroman10-regular]:mapping=tex-text;!
Missing character: There is no ∈ in font [lmroman10-regular]:mapping=tex-text;!
[172] [173] [174]

LaTeX Warning: Reference `mnist-results-1' on page 175 undefined on input line 
4595.

[175]

LaTeX Warning: Reference `mnist-results-1' on page 176 undefined on input line 
4607.


LaTeX Warning: Reference `mnist-results-1' on page 176 undefined on input line 
4607.


Overfull \hbox (12.96364pt too wide) in paragraph at lines 4612--4613
[]\TU/lmr/m/n/10 Dataset  
 []


Overfull \hbox (5.29576pt too wide) in paragraph at lines 4614--4615
[]\TU/lmr/m/n/10 ACC  
 []


Overfull \hbox (8.46576pt too wide) in paragraph at lines 4616--4617
[]\TU/lmr/m/n/10 HOM  
 []


Overfull \hbox (14.99576pt too wide) in paragraph at lines 4618--4619
[]\TU/lmr/m/n/10 COMP  
 []


Overfull \hbox (3.91576pt too wide) in paragraph at lines 4622--4623
[]\TU/lmr/m/n/10 AMI  
 []


Overfull \hbox (2.10576pt too wide) in paragraph at lines 4624--4625
[]\TU/lmr/m/n/10 ARI  
 []


Overfull \hbox (20.13576pt too wide) in paragraph at lines 4626--4627
[]\TU/lmr/m/n/10 RMSEC  
 []


Overfull \hbox (12.96364pt too wide) in paragraph at lines 4634--4635
[]\TU/lmr/m/n/10 Dataset  
 []


Overfull \hbox (5.29576pt too wide) in paragraph at lines 4636--4637
[]\TU/lmr/m/n/10 ACC  
 []


Overfull \hbox (8.46576pt too wide) in paragraph at lines 4638--4639
[]\TU/lmr/m/n/10 HOM  
 []


Overfull \hbox (14.99576pt too wide) in paragraph at lines 4640--4641
[]\TU/lmr/m/n/10 COMP  
 []


Overfull \hbox (3.91576pt too wide) in paragraph at lines 4644--4645
[]\TU/lmr/m/n/10 AMI  
 []


Overfull \hbox (2.10576pt too wide) in paragraph at lines 4646--4647
[]\TU/lmr/m/n/10 ARI  
 []


Overfull \hbox (20.13576pt too wide) in paragraph at lines 4648--4649
[]\TU/lmr/m/n/10 RMSEC  
 []


Overfull \hbox (3.08363pt too wide) in paragraph at lines 4652--4652
[]|\TU/lmr/m/n/10 Train|  
 []


Overfull \hbox (6.79576pt too wide) in paragraph at lines 4652--4652
[]|\TU/lmr/m/n/10 0.582|  
 []


Overfull \hbox (6.79576pt too wide) in paragraph at lines 4652--4652
[]|\TU/lmr/m/n/10 0.488|  
 []


Overfull \hbox (6.79576pt too wide) in paragraph at lines 4652--4652
[]|\TU/lmr/m/n/10 0.523|  
 []


Overfull \hbox (6.79576pt too wide) in paragraph at lines 4652--4652
[]|\TU/lmr/m/n/10 0.505|  
 []


Overfull \hbox (6.79576pt too wide) in paragraph at lines 4652--4652
[]|\TU/lmr/m/n/10 0.389|  
 []


Overfull \hbox (6.79576pt too wide) in paragraph at lines 4652--4652
[]|\TU/lmr/m/n/10 0.488|  
 []


Overfull \hbox (6.79576pt too wide) in paragraph at lines 4653--4653
[]|\TU/lmr/m/n/10 0.592|  
 []


Overfull \hbox (6.79576pt too wide) in paragraph at lines 4653--4653
[]|\TU/lmr/m/n/10 0.500|  
 []


Overfull \hbox (6.79576pt too wide) in paragraph at lines 4653--4653
[]|\TU/lmr/m/n/10 0.535|  
 []


Overfull \hbox (6.79576pt too wide) in paragraph at lines 4653--4653
[]|\TU/lmr/m/n/10 0.517|  
 []


Overfull \hbox (6.79576pt too wide) in paragraph at lines 4653--4653
[]|\TU/lmr/m/n/10 0.404|  
 []


Overfull \hbox (6.79576pt too wide) in paragraph at lines 4653--4653
[]|\TU/lmr/m/n/10 0.499|  
 []


Overfull \hbox (3.08363pt too wide) in paragraph at lines 4654--4654
[]|\TU/lmr/m/n/10 Train|  
 []


Overfull \hbox (6.79576pt too wide) in paragraph at lines 4654--4654
[]|\TU/lmr/m/n/10 0.580|  
 []


Overfull \hbox (6.79576pt too wide) in paragraph at lines 4654--4654
[]|\TU/lmr/m/n/10 0.488|  
 []


Overfull \hbox (6.79576pt too wide) in paragraph at lines 4654--4654
[]|\TU/lmr/m/n/10 0.523|  
 []


Overfull \hbox (6.79576pt too wide) in paragraph at lines 4654--4654
[]|\TU/lmr/m/n/10 0.505|  
 []


Overfull \hbox (6.79576pt too wide) in paragraph at lines 4654--4654
[]|\TU/lmr/m/n/10 0.387|  
 []


Overfull \hbox (6.79576pt too wide) in paragraph at lines 4654--4654
[]|\TU/lmr/m/n/10 0.488|  
 []


Overfull \hbox (6.79576pt too wide) in paragraph at lines 4654--4655
[]|\TU/lmr/m/n/10 0.009|  
 []


Overfull \hbox (6.79576pt too wide) in paragraph at lines 4655--4655
[]|\TU/lmr/m/n/10 0.591|  
 []


Overfull \hbox (6.79576pt too wide) in paragraph at lines 4655--4655
[]|\TU/lmr/m/n/10 0.499|  
 []


Overfull \hbox (6.79576pt too wide) in paragraph at lines 4655--4655
[]|\TU/lmr/m/n/10 0.535|  
 []


Overfull \hbox (6.79576pt too wide) in paragraph at lines 4655--4655
[]|\TU/lmr/m/n/10 0.516|  
 []


Overfull \hbox (6.79576pt too wide) in paragraph at lines 4655--4655
[]|\TU/lmr/m/n/10 0.404|  
 []


Overfull \hbox (6.79576pt too wide) in paragraph at lines 4655--4655
[]|\TU/lmr/m/n/10 0.498|  
 []


Overfull \hbox (3.08363pt too wide) in paragraph at lines 4656--4656
[]|\TU/lmr/m/n/10 Train|  
 []


Overfull \hbox (6.79576pt too wide) in paragraph at lines 4656--4656
[]|\TU/lmr/m/n/10 0.577|  
 []


Overfull \hbox (6.79576pt too wide) in paragraph at lines 4656--4656
[]|\TU/lmr/m/n/10 0.481|  
 []


Overfull \hbox (6.79576pt too wide) in paragraph at lines 4656--4656
[]|\TU/lmr/m/n/10 0.517|  
 []


Overfull \hbox (6.79576pt too wide) in paragraph at lines 4656--4656
[]|\TU/lmr/m/n/10 0.498|  
 []


Overfull \hbox (6.79576pt too wide) in paragraph at lines 4656--4656
[]|\TU/lmr/m/n/10 0.379|  
 []


Overfull \hbox (6.79576pt too wide) in paragraph at lines 4656--4656
[]|\TU/lmr/m/n/10 0.481|  
 []


Overfull \hbox (6.79576pt too wide) in paragraph at lines 4656--4657
[]|\TU/lmr/m/n/10 0.019|  
 []


Overfull \hbox (6.79576pt too wide) in paragraph at lines 4657--4657
[]|\TU/lmr/m/n/10 0.589|  
 []


Overfull \hbox (6.79576pt too wide) in paragraph at lines 4657--4657
[]|\TU/lmr/m/n/10 0.494|  
 []


Overfull \hbox (6.79576pt too wide) in paragraph at lines 4657--4657
[]|\TU/lmr/m/n/10 0.530|  
 []


Overfull \hbox (6.79576pt too wide) in paragraph at lines 4657--4657
[]|\TU/lmr/m/n/10 0.511|  
 []


Overfull \hbox (6.79576pt too wide) in paragraph at lines 4657--4657
[]|\TU/lmr/m/n/10 0.396|  
 []


Overfull \hbox (6.79576pt too wide) in paragraph at lines 4657--4657
[]|\TU/lmr/m/n/10 0.493|  
 []


Overfull \hbox (3.08363pt too wide) in paragraph at lines 4658--4658
[]|\TU/lmr/m/n/10 Train|  
 []


Overfull \hbox (6.79576pt too wide) in paragraph at lines 4658--4658
[]|\TU/lmr/m/n/10 0.573|  
 []


Overfull \hbox (6.79576pt too wide) in paragraph at lines 4658--4658
[]|\TU/lmr/m/n/10 0.464|  
 []


Overfull \hbox (6.79576pt too wide) in paragraph at lines 4658--4658
[]|\TU/lmr/m/n/10 0.526|  
 []


Overfull \hbox (6.79576pt too wide) in paragraph at lines 4658--4658
[]|\TU/lmr/m/n/10 0.493|  
 []


Overfull \hbox (6.79576pt too wide) in paragraph at lines 4658--4658
[]|\TU/lmr/m/n/10 0.377|  
 []


Overfull \hbox (6.79576pt too wide) in paragraph at lines 4658--4658
[]|\TU/lmr/m/n/10 0.464|  
 []


Overfull \hbox (6.79576pt too wide) in paragraph at lines 4658--4659
[]|\TU/lmr/m/n/10 0.020|  
 []


Overfull \hbox (6.79576pt too wide) in paragraph at lines 4659--4659
[]|\TU/lmr/m/n/10 0.585|  
 []


Overfull \hbox (6.79576pt too wide) in paragraph at lines 4659--4659
[]|\TU/lmr/m/n/10 0.492|  
 []


Overfull \hbox (6.79576pt too wide) in paragraph at lines 4659--4659
[]|\TU/lmr/m/n/10 0.527|  
 []


Overfull \hbox (6.79576pt too wide) in paragraph at lines 4659--4659
[]|\TU/lmr/m/n/10 0.509|  
 []


Overfull \hbox (6.79576pt too wide) in paragraph at lines 4659--4659
[]|\TU/lmr/m/n/10 0.394|  
 []


Overfull \hbox (6.79576pt too wide) in paragraph at lines 4659--4659
[]|\TU/lmr/m/n/10 0.491|  
 []


Overfull \hbox (3.08363pt too wide) in paragraph at lines 4660--4660
[]|\TU/lmr/m/n/10 Train|  
 []


Overfull \hbox (6.79576pt too wide) in paragraph at lines 4660--4660
[]|\TU/lmr/m/n/10 0.573|  
 []


Overfull \hbox (6.79576pt too wide) in paragraph at lines 4660--4660
[]|\TU/lmr/m/n/10 0.459|  
 []


Overfull \hbox (6.79576pt too wide) in paragraph at lines 4660--4660
[]|\TU/lmr/m/n/10 0.522|  
 []


Overfull \hbox (6.79576pt too wide) in paragraph at lines 4660--4660
[]|\TU/lmr/m/n/10 0.488|  
 []


Overfull \hbox (6.79576pt too wide) in paragraph at lines 4660--4660
[]|\TU/lmr/m/n/10 0.371|  
 []


Overfull \hbox (6.79576pt too wide) in paragraph at lines 4660--4660
[]|\TU/lmr/m/n/10 0.459|  
 []


Overfull \hbox (6.79576pt too wide) in paragraph at lines 4660--4661
[]|\TU/lmr/m/n/10 0.034|  
 []


Overfull \hbox (6.79576pt too wide) in paragraph at lines 4661--4661
[]|\TU/lmr/m/n/10 0.584|  
 []


Overfull \hbox (6.79576pt too wide) in paragraph at lines 4661--4661
[]|\TU/lmr/m/n/10 0.487|  
 []


Overfull \hbox (6.79576pt too wide) in paragraph at lines 4661--4661
[]|\TU/lmr/m/n/10 0.523|  
 []


Overfull \hbox (6.79576pt too wide) in paragraph at lines 4661--4661
[]|\TU/lmr/m/n/10 0.505|  
 []


Overfull \hbox (6.79576pt too wide) in paragraph at lines 4661--4661
[]|\TU/lmr/m/n/10 0.389|  
 []


Overfull \hbox (6.79576pt too wide) in paragraph at lines 4661--4661
[]|\TU/lmr/m/n/10 0.487|  
 []

[176]
Underfull \vbox (badness 2698) has occurred while \output is active []

[177]
File: images/experiments/qpca/svdistribution/MNIST_sv_distribution.png Graphic 
file (type bmp)
<images/experiments/qpca/svdistribution/MNIST_sv_distribution.png>
File: images/experiments/qpca/svdistribution/Fashion_MNIST_sv_distribution.png 
Graphic file (type bmp)
<images/experiments/qpca/svdistribution/Fashion_MNIST_sv_distribution.png>
File: images/experiments/qpca/svdistribution/CIFAR_sv_distribution.png Graphic 
file (type bmp)
<images/experiments/qpca/svdistribution/CIFAR_sv_distribution.png>
File: images/experiments/qpca/svdistribution/ResearchPaper_sv_distribution.png 
Graphic file (type bmp)
<images/experiments/qpca/svdistribution/ResearchPaper_sv_distribution.png>

LaTeX Warning: Reference `sec:explainedvariance' on page 178 undefined on input
 line 4697.

[178]

LaTeX Warning: Reference `thm:explained-variance-binarysearch' on page 179 unde
fined on input line 4734.


LaTeX Warning: Reference `thm:explained-variance-binarysearch' on page 179 unde
fined on input line 4735.

[179]
File: images/experiments/qpca/errordist/error_matrix_frobenious.png Graphic fil
e (type bmp)
<images/experiments/qpca/errordist/error_matrix_frobenious.png>
File: images/experiments/qpca/classificationbound/MNIST_Classification_Fnorm.pn
g Graphic file (type bmp)
<images/experiments/qpca/classificationbound/MNIST_Classification_Fnorm.png>
File: images/experiments/qpca/classificationbound/Fashion_MNIST_Classification_
Fnorm.png Graphic file (type bmp)
<images/experiments/qpca/classificationbound/Fashion_MNIST_Classification_Fnorm
.png>
File: images/experiments/qpca/classificationbound/CIFAR_Classification_Fnorm.pn
g Graphic file (type bmp)
<images/experiments/qpca/classificationbound/CIFAR_Classification_Fnorm.png>

Overfull \hbox (6.518pt too wide) in paragraph at lines 4757--4757
[][][][][][] 
 []

File: images/experiments/qpca/classificationrelative/MNIST_Classification_Fnorm
_relative.png Graphic file (type bmp)
<images/experiments/qpca/classificationrelative/MNIST_Classification_Fnorm_rela
tive.png>
File: images/experiments/qpca/classificationrelative/Fashion_MNIST_Classificati
on_Fnorm_relative.png Graphic file (type bmp)
<images/experiments/qpca/classificationrelative/Fashion_MNIST_Classification_Fn
orm_relative.png>
File: images/experiments/qpca/classificationrelative/CIFAR_Classification_Fnorm
_relative.png Graphic file (type bmp)
<images/experiments/qpca/classificationrelative/CIFAR_Classification_Fnorm_rela
tive.png>

Overfull \hbox (6.52357pt too wide) in paragraph at lines 4761--4761
[][][][][][] 
 []


LaTeX Warning: Reference `thm:explained-variance-binarysearch' on page 180 unde
fined on input line 4768.

[180]
File: images/experiments/qpca/couponcollector/MNIST_Coupon_Collect62.png Graphi
c file (type bmp)
<images/experiments/qpca/couponcollector/MNIST_Coupon_Collect62.png>
File: images/experiments/qpca/couponcollector/Fashion_MNIST_Coupon_Collect45.pn
g Graphic file (type bmp)
<images/experiments/qpca/couponcollector/Fashion_MNIST_Coupon_Collect45.png>
File: images/experiments/qpca/couponcollector/CIFAR_Coupon_Collect55.png Graphi
c file (type bmp)
<images/experiments/qpca/couponcollector/CIFAR_Coupon_Collect55.png>

Overfull \hbox (6.50554pt too wide) in paragraph at lines 4785--4785
[][][][][][] 
 []

[181]

LaTeX Warning: Reference `thm:explained-variance-binarysearch' on page 182 unde
fined on input line 4813.


Underfull \hbox (badness 1867) in paragraph at lines 4822--4824
 \TU/lmr/bx/n/10 12.2.5.1.3 Projecting the quantum data in the new quantum
 []


Underfull \hbox (badness 1509) in paragraph at lines 4822--4824
\TU/lmr/bx/n/10 feature space[] \TU/lmr/m/n/10 To end with, we have tested the 
value of $[]$ (Defini-
 []


Underfull \hbox (badness 1107) in paragraph at lines 4822--4824
\TU/lmr/m/n/10 tion []9.1[], Lemma []9.2[]) for the MNIST dataset, fixing $[] [
] []$ and try-
 []


Underfull \hbox (badness 1603) in paragraph at lines 4822--4824
\TU/lmr/m/n/10 ing $[] [] [][][][][] [][][][] [][][][] [][][][] [][][][] [][][]
[] [][][][] [][][][] [][][][]$. We have observed that
 []

[182] [183] [184

]
Chapter 13.
[185]
File: algpseudocode/quantum-connectivity.png Graphic file (type bmp)
<algpseudocode/quantum-connectivity.png>
[186]
Overfull \hbox (35.43788pt too wide) detected at line 4887
[] [] [] [] [] [] [] [][] [] [] [][]
 []

[187] [188]
Chapter 14.

Overfull \hbox (10.19136pt too wide) detected at line 4946
[][][][][] [] [] [] [][][] [][] [] [] [][][] [][]
 []

[189

]
Overfull \hbox (98.05232pt too wide) has occurred while \output is active
\TU/lmr/m/n/10 190 \TU/lmr/m/sl/10 CHAPTER 14.  LOWER BOUNDS ON QUERY COMPLEXIT
Y OF QUANTUM ALGORITHMS
 []

[190] [191]
Overfull \hbox (98.05232pt too wide) has occurred while \output is active
\TU/lmr/m/n/10 192 \TU/lmr/m/sl/10 CHAPTER 14.  LOWER BOUNDS ON QUERY COMPLEXIT
Y OF QUANTUM ALGORITHMS
 []

[192] [193]
Overfull \hbox (98.05232pt too wide) has occurred while \output is active
\TU/lmr/m/n/10 194 \TU/lmr/m/sl/10 CHAPTER 14.  LOWER BOUNDS ON QUERY COMPLEXIT
Y OF QUANTUM ALGORITHMS
 []

[194]
Underfull \hbox (badness 2142) in paragraph at lines 5118--5119
[]\TU/lmr/m/n/10 The second line comes from the third assumption and the fact t
hat
 []

[195]
Overfull \hbox (98.05232pt too wide) has occurred while \output is active
\TU/lmr/m/n/10 196 \TU/lmr/m/sl/10 CHAPTER 14.  LOWER BOUNDS ON QUERY COMPLEXIT
Y OF QUANTUM ALGORITHMS
 []

[196

] [197] [198]
Chapter 15.

Underfull \vbox (badness 1478) has occurred while \output is active []

[199

]
Underfull \hbox (badness 10000) in paragraph at lines 5165--5168
[][]\TU/lmr/m/n/10 Noisy intermediate-scale quantum (NISQ) algorithms[] \TU/lmt
t/m/n/10 #review,
 []


Underfull \hbox (badness 1442) in paragraph at lines 5170--5172
[][]\TU/lmr/m/n/10 Quantum Perceptron Revisited: Computational-Statistical Trad
eoffs[]
 []


Overfull \hbox (7.14201pt too wide) in paragraph at lines 5174--5176
[][]\TU/lmr/m/n/10 Fast algorithm for quantum polar decomposition, pretty-goodm
easurements,
 []


Underfull \vbox (badness 10000) has occurred while \output is active []

[200]
Underfull \hbox (badness 8019) in paragraph at lines 5256--5258
[][]\TU/lmr/m/n/10 Practical implementation of a quantum backtracking algorithm
[]
 []


Underfull \hbox (badness 1117) in paragraph at lines 5274--5277
[][]\TU/lmr/m/n/10 Continuous-variable quantum neural networks[] A work present
ed at
 []


Underfull \hbox (badness 1838) in paragraph at lines 5274--5277
\TU/lmr/m/n/10 TQC2018 that exploit deep similarities between the mathematical
 []

[201]
Underfull \hbox (badness 3758) in paragraph at lines 5302--5304
[][]\TU/lmr/m/n/10 Applying quantum algorithms to constraint satisfaction probl
ems[]
 []

[202]

Package hyperref Warning: Suppressing link with empty target on input line 5357
.


Package hyperref Warning: Suppressing link with empty target on input line 5366
.

[203] [204]
Appendix A.
[205

] [206]
File: images/amgm1.png Graphic file (type bmp)
<images/amgm1.png>
File: images/amgm2.png Graphic file (type bmp)
<images/amgm2.png>

Underfull \hbox (badness 10000) in paragraph at lines 5605--5606
[]
 []


Underfull \vbox (badness 10000) has occurred while \output is active []

[207]
Underfull \vbox (badness 10000) has occurred while \output is active []

[208]
Overfull \vbox (122.06987pt too high) has occurred while \output is active []

[209]

Package amsmath Warning: Foreign command \atopwithdelims;
(amsmath)                \frac or \genfrac should be used instead
(amsmath)                 on input line 5608.

[210] [211]
Overfull \hbox (41.8822pt too wide) detected at line 5678
[][] [] [][][][][][][][][][][][][][][][][][] [] [][][][][][][][][][][][][][][][
] [] [][][][][][] [] [][][][][][]
 []


Package natbib Warning: Citation `partridge1997fastpca' on page 212 undefined o
n input line 5681.

[212] [213] [214]

Package natbib Warning: Citation `mirsky1960symmetric' on page 215 undefined on
 input line 5786.


Package natbib Warning: Citation `partridge1997fastpca' on page 215 undefined o
n input line 5798.

[215]
Overfull \hbox (56.5787pt too wide) in paragraph at lines 5817--5819
[][]\TU/lmr/bx/n/10 Theorem A.6 \TU/lmr/m/n/10 (Bernoulli inequalities, [From h
ere)\TU/lmr/bx/n/10 . []\TU/lmr/m/it/10 (https://en.wikipedia.org/wiki/Bernoull
i[][] 
 []

[216] [217]
Overfull \hbox (11.16594pt too wide) detected at line 5906
[][][][][] [] [][] [] [][][][][][] [] [][] [] [][][][][][][][][][][][] [] [][][
][][][] [] [][][][][][][] [] [][][][][][][][][][][][][] [] [][][][][][][][][][]
[][]
 []


Overfull \hbox (3.38594pt too wide) detected at line 5907
[][][][][] [] [][] [] [][][][][][] [] [][] [] [][][][][][][][][][][][] [] [][][
][][][][][][][][][][] [] [][][][][][][][][][][][][] [] [][][][][][][][][][][][]

 []

[218]
Appendix B.
[219

] [220

]
Appendix C.
[221]
Overfull \hbox (19.86075pt too wide) in paragraph at lines 6016--6017
[][]\TU/lmr/bx/n/10 Definition C.8 \TU/lmr/m/n/10 (Equivalence between probabil
ity measures)\TU/lmr/bx/n/10 . []\TU/lmr/m/n/10 Let $[][][] [][] [][][] [][][] 
[][] [][]$
 []

[222] [223] [224] [225] [226] [227] [228] [229] [230]
Appendix D.
[231

] [232] [233] [234]
Appendix E.
(quantumalgorighms.bbl [235

] [236

] [237] [238] [239] [240] [241] [242] [243])

Package natbib Warning: There were undefined citations.

[244] (quantumalgorighms.aux)

LaTeX Warning: There were undefined references.


LaTeX Warning: Label(s) may have changed. Rerun to get cross-references right.

 ) 
Here is how much of TeX's memory you used:
 22870 strings out of 410967
 432984 string characters out of 2830858
 974806 words of memory out of 3000000
 43262 multiletter control sequences out of 15000+600000
 501939 words of font info for 117 fonts, out of 8000000 for 9000
 1348 hyphenation exceptions out of 8191
 86i,21n,121p,2769b,652s stack positions out of 10000i,1000n,20000p,200000b,80000s

Output written on quantumalgorighms.pdf (244 pages).

! miktex-dvipdfmx: major issue: So far, you have not checked for MiKTeX updates.
! xelatex: major issue: So far, you have not checked for MiKTeX updates.
